  PlaySideBar.cpp
  SDL_Tut.vcxproj -> D:\Origins\Assignment\SDL_Tut\Debug\SDL_Tut.exe
  D:\Origins\Assignment\SDL_Tut\SDL_Tut\..\dep\devel\x86\libjpeg-9.dll
  D:\Origins\Assignment\SDL_Tut\SDL_Tut\..\dep\devel\x86\libmodplug-1.dll
  D:\Origins\Assignment\SDL_Tut\SDL_Tut\..\dep\devel\x86\libogg-0.dll
  D:\Origins\Assignment\SDL_Tut\SDL_Tut\..\dep\devel\x86\libopus-0.dll
  D:\Origins\Assignment\SDL_Tut\SDL_Tut\..\dep\devel\x86\libopusfile-0.dll
  D:\Origins\Assignment\SDL_Tut\SDL_Tut\..\dep\devel\x86\libpng16-16.dll
  D:\Origins\Assignment\SDL_Tut\SDL_Tut\..\dep\devel\x86\libtiff-5.dll
  D:\Origins\Assignment\SDL_Tut\SDL_Tut\..\dep\devel\x86\libwebp-7.dll
  D:\Origins\Assignment\SDL_Tut\SDL_Tut\..\dep\devel\x86\SDL2.dll
  D:\Origins\Assignment\SDL_Tut\SDL_Tut\..\dep\devel\x86\SDL2_image.dll
  D:\Origins\Assignment\SDL_Tut\SDL_Tut\..\dep\devel\x86\SDL2_mixer.dll
  D:\Origins\Assignment\SDL_Tut\SDL_Tut\..\dep\devel\x86\SDL2_ttf.dll
  D:\Origins\Assignment\SDL_Tut\SDL_Tut\..\dep\devel\x86\zlib1.dll
         13 file(s) copied.
  D:\Origins\Assignment\SDL_Tut\SDL_Tut\..\Assets\1.png
  D:\Origins\Assignment\SDL_Tut\SDL_Tut\..\Assets\ARCADE.TTF
  D:\Origins\Assignment\SDL_Tut\SDL_Tut\..\Assets\ARCADEPI.TTF
  D:\Origins\Assignment\SDL_Tut\SDL_Tut\..\Assets\Black.png
  D:\Origins\Assignment\SDL_Tut\SDL_Tut\..\Assets\Cursor.png
  D:\Origins\Assignment\SDL_Tut\SDL_Tut\..\Assets\emulogic.ttf
  D:\Origins\Assignment\SDL_Tut\SDL_Tut\..\Assets\GalagaLogo.png
  D:\Origins\Assignment\SDL_Tut\SDL_Tut\..\Assets\GreenBrick.png
  D:\Origins\Assignment\SDL_Tut\SDL_Tut\..\Assets\LeftWall.png
  D:\Origins\Assignment\SDL_Tut\SDL_Tut\..\Assets\namco__.ttf
  D:\Origins\Assignment\SDL_Tut\SDL_Tut\..\Assets\OrangeBrick.png
  D:\Origins\Assignment\SDL_Tut\SDL_Tut\..\Assets\RedBrick.png
  D:\Origins\Assignment\SDL_Tut\SDL_Tut\..\Assets\RedBrick.png~
  D:\Origins\Assignment\SDL_Tut\SDL_Tut\..\Assets\RightWall.png
  D:\Origins\Assignment\SDL_Tut\SDL_Tut\..\Assets\Stars.png
  D:\Origins\Assignment\SDL_Tut\SDL_Tut\..\Assets\Test1.png
  D:\Origins\Assignment\SDL_Tut\SDL_Tut\..\Assets\Test2.png
  D:\Origins\Assignment\SDL_Tut\SDL_Tut\..\Assets\Test3.png
  D:\Origins\Assignment\SDL_Tut\SDL_Tut\..\Assets\Test5.png
  D:\Origins\Assignment\SDL_Tut\SDL_Tut\..\Assets\Test6.png
  D:\Origins\Assignment\SDL_Tut\SDL_Tut\..\Assets\Test8.png
  D:\Origins\Assignment\SDL_Tut\SDL_Tut\..\Assets\Test9.png
  D:\Origins\Assignment\SDL_Tut\SDL_Tut\..\Assets\TopWall.png
  D:\Origins\Assignment\SDL_Tut\SDL_Tut\..\Assets\YellowBrick.png
  D:\Origins\Assignment\SDL_Tut\SDL_Tut\..\Assets\SFX\coin_credit.wav
  25 File(s) copied
