c:\users\miko\desktop\vs_studios\sdl_tut\sdl_tut\debug\vc143.pdb
c:\users\miko\desktop\vs_studios\sdl_tut\sdl_tut\debug\vc143.idb
c:\users\miko\desktop\vs_studios\sdl_tut\sdl_tut\debug\timer.obj
c:\users\miko\desktop\vs_studios\sdl_tut\sdl_tut\debug\main.obj
c:\users\miko\desktop\vs_studios\sdl_tut\sdl_tut\debug\gamemanager.obj
c:\users\miko\desktop\vs_studios\sdl_tut\sdl_tut\debug\gameentity.obj
c:\users\miko\desktop\vs_studios\sdl_tut\sdl_tut\debug\graphics.obj
c:\users\miko\desktop\vs_studios\sdl_tut\sdl_tut\debug\texture.obj
c:\users\miko\desktop\vs_studios\sdl_tut\sdl_tut\debug\assetmanager.obj
c:\users\miko\desktop\vs_studios\sdl_tut\sdl_tut\debug\inputmanager.obj
c:\users\miko\desktop\vs_studios\sdl_tut\sdl_tut\debug\animatedtexture.obj
c:\users\miko\desktop\vs_studios\sdl_tut\sdl_tut\debug\audiomanager.obj
c:\users\miko\desktop\vs_studios\sdl_tut\sdl_tut\debug\startscreen.obj
c:\users\miko\desktop\vs_studios\sdl_tut\sdl_tut\debug\star.obj
c:\users\miko\desktop\vs_studios\sdl_tut\sdl_tut\debug\random.obj
c:\users\miko\desktop\vs_studios\sdl_tut\sdl_tut\debug\starlayer.obj
c:\users\miko\desktop\vs_studios\sdl_tut\sdl_tut\debug\backgroundstars.obj
c:\users\miko\desktop\vs_studios\sdl_tut\sdl_tut\debug\sdl_tut.ilk
c:\users\miko\desktop\vs_studios\sdl_tut\debug\sdl_tut.exe
c:\users\miko\desktop\vs_studios\sdl_tut\debug\sdl_tut.pdb
d:\origins\sdl_tut\sdl_tut\sdl_tut\debug\animatedtexture.obj
d:\origins\sdl_tut\sdl_tut\sdl_tut\debug\assetmanager.obj
d:\origins\sdl_tut\sdl_tut\sdl_tut\debug\audiomanager.obj
d:\origins\sdl_tut\sdl_tut\sdl_tut\debug\backgroundstars.obj
d:\origins\sdl_tut\sdl_tut\sdl_tut\debug\gameentity.obj
d:\origins\sdl_tut\sdl_tut\sdl_tut\debug\gamemanager.obj
d:\origins\sdl_tut\sdl_tut\sdl_tut\debug\graphics.obj
d:\origins\sdl_tut\sdl_tut\sdl_tut\debug\inputmanager.obj
d:\origins\sdl_tut\sdl_tut\sdl_tut\debug\main.obj
d:\origins\sdl_tut\sdl_tut\sdl_tut\debug\random.obj
d:\origins\sdl_tut\sdl_tut\sdl_tut\debug\star.obj
d:\origins\sdl_tut\sdl_tut\sdl_tut\debug\starlayer.obj
d:\origins\sdl_tut\sdl_tut\sdl_tut\debug\startscreen.obj
d:\origins\sdl_tut\sdl_tut\sdl_tut\debug\texture.obj
d:\origins\sdl_tut\sdl_tut\sdl_tut\debug\timer.obj
d:\origins\sdl_tut\sdl_tut\sdl_tut\debug\sdl_tut.ilk
d:\origins\sdl_tut\sdl_tut\sdl_tut\debug\vc143.idb
d:\origins\sdl_tut\sdl_tut\sdl_tut\debug\vc143.pdb
d:\origins\sdl_tut\sdl_tut\debug\sdl_tut.pdb
d:\origins\sdl_tut\sdl_tut\debug\sdl_tut.exe
d:\origins\sdl_tut\sdl_tut\sdl_tut\debug\sdl_tut.tlog\cl.command.1.tlog
d:\origins\sdl_tut\sdl_tut\sdl_tut\debug\sdl_tut.tlog\cl.read.1.tlog
d:\origins\sdl_tut\sdl_tut\sdl_tut\debug\sdl_tut.tlog\cl.write.1.tlog
d:\origins\sdl_tut\sdl_tut\sdl_tut\debug\sdl_tut.tlog\link.command.1.tlog
d:\origins\sdl_tut\sdl_tut\sdl_tut\debug\sdl_tut.tlog\link.read.1.tlog
d:\origins\sdl_tut\sdl_tut\sdl_tut\debug\sdl_tut.tlog\link.write.1.tlog
