c:\users\miko\desktop\sdl_tut\sdl_tut\debug\vc143.pdb
c:\users\miko\desktop\sdl_tut\sdl_tut\debug\vc143.idb
c:\users\miko\desktop\sdl_tut\sdl_tut\debug\timer.obj
c:\users\miko\desktop\sdl_tut\sdl_tut\debug\texture.obj
c:\users\miko\desktop\sdl_tut\sdl_tut\debug\startscreen.obj
c:\users\miko\desktop\sdl_tut\sdl_tut\debug\starlayer.obj
c:\users\miko\desktop\sdl_tut\sdl_tut\debug\star.obj
c:\users\miko\desktop\sdl_tut\sdl_tut\debug\screenmanager.obj
c:\users\miko\desktop\sdl_tut\sdl_tut\debug\scoreboard.obj
c:\users\miko\desktop\sdl_tut\sdl_tut\debug\random.obj
c:\users\miko\desktop\sdl_tut\sdl_tut\debug\playscreen.obj
c:\users\miko\desktop\sdl_tut\sdl_tut\debug\main.obj
c:\users\miko\desktop\sdl_tut\sdl_tut\debug\inputmanager.obj
c:\users\miko\desktop\sdl_tut\sdl_tut\debug\graphics.obj
c:\users\miko\desktop\sdl_tut\sdl_tut\debug\gamemanager.obj
c:\users\miko\desktop\sdl_tut\sdl_tut\debug\gameentity.obj
c:\users\miko\desktop\sdl_tut\sdl_tut\debug\backgroundstars.obj
c:\users\miko\desktop\sdl_tut\sdl_tut\debug\audiomanager.obj
c:\users\miko\desktop\sdl_tut\sdl_tut\debug\assetmanager.obj
c:\users\miko\desktop\sdl_tut\sdl_tut\debug\animatedtexture.obj
c:\users\miko\desktop\sdl_tut\debug\sdl_tut.exe
c:\users\miko\desktop\sdl_tut\sdl_tut\debug\sdl_tut.ilk
c:\users\miko\desktop\sdl_tut\debug\sdl_tut.pdb
c:\users\miko\desktop\sdl_tut\sdl_tut\debug\sdl_tut.tlog\cl.command.1.tlog
c:\users\miko\desktop\sdl_tut\sdl_tut\debug\sdl_tut.tlog\cl.read.1.tlog
c:\users\miko\desktop\sdl_tut\sdl_tut\debug\sdl_tut.tlog\cl.write.1.tlog
c:\users\miko\desktop\sdl_tut\sdl_tut\debug\sdl_tut.tlog\link.command.1.tlog
c:\users\miko\desktop\sdl_tut\sdl_tut\debug\sdl_tut.tlog\link.read.1.tlog
c:\users\miko\desktop\sdl_tut\sdl_tut\debug\sdl_tut.tlog\link.write.1.tlog
