  AnimatedTexture.cpp
C:\Users\Miko\Desktop\SDL_Tut\SDL_Tut\Graphics.h(6,10): fatal  error C1083: Cannot open include file: 'SDL_image.h': No such file or directory
  AssetManager.cpp
C:\Users\Miko\Desktop\SDL_Tut\SDL_Tut\Graphics.h(6,10): fatal  error C1083: Cannot open include file: 'SDL_image.h': No such file or directory
  AudioManager.cpp
C:\Users\Miko\Desktop\SDL_Tut\SDL_Tut\Graphics.h(6,10): fatal  error C1083: Cannot open include file: 'SDL_image.h': No such file or directory
  BackGroundStars.cpp
C:\Users\Miko\Desktop\SDL_Tut\SDL_Tut\Graphics.h(6,10): fatal  error C1083: Cannot open include file: 'SDL_image.h': No such file or directory
  GameEntity.cpp
  GameManager.cpp
C:\Users\Miko\Desktop\SDL_Tut\SDL_Tut\Graphics.h(6,10): fatal  error C1083: Cannot open include file: 'SDL_image.h': No such file or directory
  Graphics.cpp
C:\Users\Miko\Desktop\SDL_Tut\SDL_Tut\Graphics.h(6,10): fatal  error C1083: Cannot open include file: 'SDL_image.h': No such file or directory
  InputManager.cpp
  main.cpp
C:\Users\Miko\Desktop\SDL_Tut\SDL_Tut\Graphics.h(6,10): fatal  error C1083: Cannot open include file: 'SDL_image.h': No such file or directory
  PlayScreen.cpp
C:\Users\Miko\Desktop\SDL_Tut\SDL_Tut\Graphics.h(6,10): fatal  error C1083: Cannot open include file: 'SDL_image.h': No such file or directory
  Random.cpp
  Scoreboard.cpp
C:\Users\Miko\Desktop\SDL_Tut\SDL_Tut\Graphics.h(6,10): fatal  error C1083: Cannot open include file: 'SDL_image.h': No such file or directory
  ScreenManager.cpp
C:\Users\Miko\Desktop\SDL_Tut\SDL_Tut\Graphics.h(6,10): fatal  error C1083: Cannot open include file: 'SDL_image.h': No such file or directory
  Star.cpp
C:\Users\Miko\Desktop\SDL_Tut\SDL_Tut\Graphics.h(6,10): fatal  error C1083: Cannot open include file: 'SDL_image.h': No such file or directory
  StarLayer.cpp
C:\Users\Miko\Desktop\SDL_Tut\SDL_Tut\Graphics.h(6,10): fatal  error C1083: Cannot open include file: 'SDL_image.h': No such file or directory
  StartScreen.cpp
C:\Users\Miko\Desktop\SDL_Tut\SDL_Tut\Graphics.h(6,10): fatal  error C1083: Cannot open include file: 'SDL_image.h': No such file or directory
  Texture.cpp
C:\Users\Miko\Desktop\SDL_Tut\SDL_Tut\Graphics.h(6,10): fatal  error C1083: Cannot open include file: 'SDL_image.h': No such file or directory
  Timer.cpp
  Generating Code...
