  SDL_Tut.vcxproj -> C:\Users\Miko\Desktop\SDL_Tut\Debug\SDL_Tut.exe
  C:\Users\Miko\Desktop\SDL_Tut\SDL_Tut\..\dep\devel\x86\libjpeg-9.dll
  C:\Users\Miko\Desktop\SDL_Tut\SDL_Tut\..\dep\devel\x86\libmodplug-1.dll
  C:\Users\Miko\Desktop\SDL_Tut\SDL_Tut\..\dep\devel\x86\libogg-0.dll
  C:\Users\Miko\Desktop\SDL_Tut\SDL_Tut\..\dep\devel\x86\libopus-0.dll
  C:\Users\Miko\Desktop\SDL_Tut\SDL_Tut\..\dep\devel\x86\libopusfile-0.dll
  C:\Users\Miko\Desktop\SDL_Tut\SDL_Tut\..\dep\devel\x86\libpng16-16.dll
  C:\Users\Miko\Desktop\SDL_Tut\SDL_Tut\..\dep\devel\x86\libtiff-5.dll
  C:\Users\Miko\Desktop\SDL_Tut\SDL_Tut\..\dep\devel\x86\libwebp-7.dll
  C:\Users\Miko\Desktop\SDL_Tut\SDL_Tut\..\dep\devel\x86\SDL2.dll
  C:\Users\Miko\Desktop\SDL_Tut\SDL_Tut\..\dep\devel\x86\SDL2_image.dll
  C:\Users\Miko\Desktop\SDL_Tut\SDL_Tut\..\dep\devel\x86\SDL2_mixer.dll
  C:\Users\Miko\Desktop\SDL_Tut\SDL_Tut\..\dep\devel\x86\SDL2_ttf.dll
  C:\Users\Miko\Desktop\SDL_Tut\SDL_Tut\..\dep\devel\x86\zlib1.dll
         13 file(s) copied.
  C:\Users\Miko\Desktop\SDL_Tut\SDL_Tut\..\Assets\1.png
  C:\Users\Miko\Desktop\SDL_Tut\SDL_Tut\..\Assets\ARCADE.TTF
  C:\Users\Miko\Desktop\SDL_Tut\SDL_Tut\..\Assets\Cursor.png
  C:\Users\Miko\Desktop\SDL_Tut\SDL_Tut\..\Assets\emulogic.ttf
  C:\Users\Miko\Desktop\SDL_Tut\SDL_Tut\..\Assets\GalagaLogo.png
  C:\Users\Miko\Desktop\SDL_Tut\SDL_Tut\..\Assets\namco__.ttf
  C:\Users\Miko\Desktop\SDL_Tut\SDL_Tut\..\Assets\Stars.png
  C:\Users\Miko\Desktop\SDL_Tut\SDL_Tut\..\Assets\Test1.png
  C:\Users\Miko\Desktop\SDL_Tut\SDL_Tut\..\Assets\Test2.png
  C:\Users\Miko\Desktop\SDL_Tut\SDL_Tut\..\Assets\Test3.png
  C:\Users\Miko\Desktop\SDL_Tut\SDL_Tut\..\Assets\Test5.png
  C:\Users\Miko\Desktop\SDL_Tut\SDL_Tut\..\Assets\Test6.png
  C:\Users\Miko\Desktop\SDL_Tut\SDL_Tut\..\Assets\Test8.png
  C:\Users\Miko\Desktop\SDL_Tut\SDL_Tut\..\Assets\Test9.png
  C:\Users\Miko\Desktop\SDL_Tut\SDL_Tut\..\Assets\SFX\coin_credit.wav
  15 File(s) copied
