  PlayScreen.cpp
  SDL_Tut.vcxproj -> D:\Origins\GitHub\AdvanceBreakout_Sam_Mikaelo\Game Menu + Game UI\Game Menu + Sounds\SDL_Tut\Debug\SDL_Tut.exe
  D:\Origins\GitHub\AdvanceBreakout_Sam_Mikaelo\Game Menu + Game UI\Game Menu + Sounds\SDL_Tut\SDL_Tut\..\dep\devel\x86\libjpeg-9.dll
  D:\Origins\GitHub\AdvanceBreakout_Sam_Mikaelo\Game Menu + Game UI\Game Menu + Sounds\SDL_Tut\SDL_Tut\..\dep\devel\x86\libmodplug-1.dll
  D:\Origins\GitHub\AdvanceBreakout_Sam_Mikaelo\Game Menu + Game UI\Game Menu + Sounds\SDL_Tut\SDL_Tut\..\dep\devel\x86\libogg-0.dll
  D:\Origins\GitHub\AdvanceBreakout_Sam_Mikaelo\Game Menu + Game UI\Game Menu + Sounds\SDL_Tut\SDL_Tut\..\dep\devel\x86\libopus-0.dll
  D:\Origins\GitHub\AdvanceBreakout_Sam_Mikaelo\Game Menu + Game UI\Game Menu + Sounds\SDL_Tut\SDL_Tut\..\dep\devel\x86\libopusfile-0.dll
  D:\Origins\GitHub\AdvanceBreakout_Sam_Mikaelo\Game Menu + Game UI\Game Menu + Sounds\SDL_Tut\SDL_Tut\..\dep\devel\x86\libpng16-16.dll
  D:\Origins\GitHub\AdvanceBreakout_Sam_Mikaelo\Game Menu + Game UI\Game Menu + Sounds\SDL_Tut\SDL_Tut\..\dep\devel\x86\libtiff-5.dll
  D:\Origins\GitHub\AdvanceBreakout_Sam_Mikaelo\Game Menu + Game UI\Game Menu + Sounds\SDL_Tut\SDL_Tut\..\dep\devel\x86\libwebp-7.dll
  D:\Origins\GitHub\AdvanceBreakout_Sam_Mikaelo\Game Menu + Game UI\Game Menu + Sounds\SDL_Tut\SDL_Tut\..\dep\devel\x86\SDL2.dll
  D:\Origins\GitHub\AdvanceBreakout_Sam_Mikaelo\Game Menu + Game UI\Game Menu + Sounds\SDL_Tut\SDL_Tut\..\dep\devel\x86\SDL2_image.dll
  D:\Origins\GitHub\AdvanceBreakout_Sam_Mikaelo\Game Menu + Game UI\Game Menu + Sounds\SDL_Tut\SDL_Tut\..\dep\devel\x86\SDL2_mixer.dll
  D:\Origins\GitHub\AdvanceBreakout_Sam_Mikaelo\Game Menu + Game UI\Game Menu + Sounds\SDL_Tut\SDL_Tut\..\dep\devel\x86\SDL2_ttf.dll
  D:\Origins\GitHub\AdvanceBreakout_Sam_Mikaelo\Game Menu + Game UI\Game Menu + Sounds\SDL_Tut\SDL_Tut\..\dep\devel\x86\zlib1.dll
         13 file(s) copied.
  D:\Origins\GitHub\AdvanceBreakout_Sam_Mikaelo\Game Menu + Game UI\Game Menu + Sounds\SDL_Tut\SDL_Tut\..\Assets\ARCADE.TTF
  D:\Origins\GitHub\AdvanceBreakout_Sam_Mikaelo\Game Menu + Game UI\Game Menu + Sounds\SDL_Tut\SDL_Tut\..\Assets\ARCADEPI.TTF
  D:\Origins\GitHub\AdvanceBreakout_Sam_Mikaelo\Game Menu + Game UI\Game Menu + Sounds\SDL_Tut\SDL_Tut\..\Assets\Black.png
  D:\Origins\GitHub\AdvanceBreakout_Sam_Mikaelo\Game Menu + Game UI\Game Menu + Sounds\SDL_Tut\SDL_Tut\..\Assets\BulletBall.png
  D:\Origins\GitHub\AdvanceBreakout_Sam_Mikaelo\Game Menu + Game UI\Game Menu + Sounds\SDL_Tut\SDL_Tut\..\Assets\Cursor.png
  D:\Origins\GitHub\AdvanceBreakout_Sam_Mikaelo\Game Menu + Game UI\Game Menu + Sounds\SDL_Tut\SDL_Tut\..\Assets\emulogic.ttf
  D:\Origins\GitHub\AdvanceBreakout_Sam_Mikaelo\Game Menu + Game UI\Game Menu + Sounds\SDL_Tut\SDL_Tut\..\Assets\GreenBrick.png
  D:\Origins\GitHub\AdvanceBreakout_Sam_Mikaelo\Game Menu + Game UI\Game Menu + Sounds\SDL_Tut\SDL_Tut\..\Assets\LeftWall.png
  D:\Origins\GitHub\AdvanceBreakout_Sam_Mikaelo\Game Menu + Game UI\Game Menu + Sounds\SDL_Tut\SDL_Tut\..\Assets\namco__.ttf
  D:\Origins\GitHub\AdvanceBreakout_Sam_Mikaelo\Game Menu + Game UI\Game Menu + Sounds\SDL_Tut\SDL_Tut\..\Assets\OrangeBrick.png
  D:\Origins\GitHub\AdvanceBreakout_Sam_Mikaelo\Game Menu + Game UI\Game Menu + Sounds\SDL_Tut\SDL_Tut\..\Assets\Paddle.png
  D:\Origins\GitHub\AdvanceBreakout_Sam_Mikaelo\Game Menu + Game UI\Game Menu + Sounds\SDL_Tut\SDL_Tut\..\Assets\RedBrick.png
  D:\Origins\GitHub\AdvanceBreakout_Sam_Mikaelo\Game Menu + Game UI\Game Menu + Sounds\SDL_Tut\SDL_Tut\..\Assets\RightWall.png
  D:\Origins\GitHub\AdvanceBreakout_Sam_Mikaelo\Game Menu + Game UI\Game Menu + Sounds\SDL_Tut\SDL_Tut\..\Assets\Test1.png
  D:\Origins\GitHub\AdvanceBreakout_Sam_Mikaelo\Game Menu + Game UI\Game Menu + Sounds\SDL_Tut\SDL_Tut\..\Assets\Test11.png
  D:\Origins\GitHub\AdvanceBreakout_Sam_Mikaelo\Game Menu + Game UI\Game Menu + Sounds\SDL_Tut\SDL_Tut\..\Assets\Test12.png
  D:\Origins\GitHub\AdvanceBreakout_Sam_Mikaelo\Game Menu + Game UI\Game Menu + Sounds\SDL_Tut\SDL_Tut\..\Assets\Test2.png
  D:\Origins\GitHub\AdvanceBreakout_Sam_Mikaelo\Game Menu + Game UI\Game Menu + Sounds\SDL_Tut\SDL_Tut\..\Assets\Test3.png
  D:\Origins\GitHub\AdvanceBreakout_Sam_Mikaelo\Game Menu + Game UI\Game Menu + Sounds\SDL_Tut\SDL_Tut\..\Assets\Test5.png
  D:\Origins\GitHub\AdvanceBreakout_Sam_Mikaelo\Game Menu + Game UI\Game Menu + Sounds\SDL_Tut\SDL_Tut\..\Assets\Test6.png
  D:\Origins\GitHub\AdvanceBreakout_Sam_Mikaelo\Game Menu + Game UI\Game Menu + Sounds\SDL_Tut\SDL_Tut\..\Assets\Test8.png
  D:\Origins\GitHub\AdvanceBreakout_Sam_Mikaelo\Game Menu + Game UI\Game Menu + Sounds\SDL_Tut\SDL_Tut\..\Assets\Test9.png
  D:\Origins\GitHub\AdvanceBreakout_Sam_Mikaelo\Game Menu + Game UI\Game Menu + Sounds\SDL_Tut\SDL_Tut\..\Assets\TopWall.png
  D:\Origins\GitHub\AdvanceBreakout_Sam_Mikaelo\Game Menu + Game UI\Game Menu + Sounds\SDL_Tut\SDL_Tut\..\Assets\Bricks\Brick Destroy Animation.png
  D:\Origins\GitHub\AdvanceBreakout_Sam_Mikaelo\Game Menu + Game UI\Game Menu + Sounds\SDL_Tut\SDL_Tut\..\Assets\Bricks\Yellow Brick.png
  D:\Origins\GitHub\AdvanceBreakout_Sam_Mikaelo\Game Menu + Game UI\Game Menu + Sounds\SDL_Tut\SDL_Tut\..\Assets\SFX\coin_credit.wav
  D:\Origins\GitHub\AdvanceBreakout_Sam_Mikaelo\Game Menu + Game UI\Game Menu + Sounds\SDL_Tut\SDL_Tut\..\Assets\SFX\EnterSelect.wav
  D:\Origins\GitHub\AdvanceBreakout_Sam_Mikaelo\Game Menu + Game UI\Game Menu + Sounds\SDL_Tut\SDL_Tut\..\Assets\SFX\Hitmarker.wav
  D:\Origins\GitHub\AdvanceBreakout_Sam_Mikaelo\Game Menu + Game UI\Game Menu + Sounds\SDL_Tut\SDL_Tut\..\Assets\SFX\Oof.wav
  D:\Origins\GitHub\AdvanceBreakout_Sam_Mikaelo\Game Menu + Game UI\Game Menu + Sounds\SDL_Tut\SDL_Tut\..\Assets\SFX\PaddleBounce.wav
  D:\Origins\GitHub\AdvanceBreakout_Sam_Mikaelo\Game Menu + Game UI\Game Menu + Sounds\SDL_Tut\SDL_Tut\..\Assets\SFX\SwitchSelect.wav
  D:\Origins\GitHub\AdvanceBreakout_Sam_Mikaelo\Game Menu + Game UI\Game Menu + Sounds\SDL_Tut\SDL_Tut\..\Assets\SFX\WallBounce.wav
  32 File(s) copied
