c:\users\samantha\desktop\game menu + game ui\game menu + sounds\sdl_tut\sdl_tut\debug\vc143.pdb
c:\users\samantha\desktop\game menu + game ui\game menu + sounds\sdl_tut\sdl_tut\debug\vc143.idb
c:\users\samantha\desktop\game menu + game ui\game menu + sounds\sdl_tut\sdl_tut\debug\timer.obj
c:\users\samantha\desktop\game menu + game ui\game menu + sounds\sdl_tut\sdl_tut\debug\texture.obj
c:\users\samantha\desktop\game menu + game ui\game menu + sounds\sdl_tut\sdl_tut\debug\startscreen.obj
c:\users\samantha\desktop\game menu + game ui\game menu + sounds\sdl_tut\sdl_tut\debug\screenmanager.obj
c:\users\samantha\desktop\game menu + game ui\game menu + sounds\sdl_tut\sdl_tut\debug\scoreboard.obj
c:\users\samantha\desktop\game menu + game ui\game menu + sounds\sdl_tut\sdl_tut\debug\playsidebar.obj
c:\users\samantha\desktop\game menu + game ui\game menu + sounds\sdl_tut\sdl_tut\debug\playscreen.obj
c:\users\samantha\desktop\game menu + game ui\game menu + sounds\sdl_tut\sdl_tut\debug\main.obj
c:\users\samantha\desktop\game menu + game ui\game menu + sounds\sdl_tut\sdl_tut\debug\inputmanager.obj
c:\users\samantha\desktop\game menu + game ui\game menu + sounds\sdl_tut\sdl_tut\debug\graphics.obj
c:\users\samantha\desktop\game menu + game ui\game menu + sounds\sdl_tut\sdl_tut\debug\gamemanager.obj
c:\users\samantha\desktop\game menu + game ui\game menu + sounds\sdl_tut\sdl_tut\debug\gameentity.obj
c:\users\samantha\desktop\game menu + game ui\game menu + sounds\sdl_tut\sdl_tut\debug\audiomanager.obj
c:\users\samantha\desktop\game menu + game ui\game menu + sounds\sdl_tut\sdl_tut\debug\assetmanager.obj
c:\users\samantha\desktop\game menu + game ui\game menu + sounds\sdl_tut\sdl_tut\debug\animatedtexture.obj
c:\users\samantha\desktop\game menu + game ui\game menu + sounds\sdl_tut\sdl_tut\debug\player.obj
c:\users\samantha\desktop\game menu + game ui\game menu + sounds\sdl_tut\sdl_tut\debug\level.obj
c:\users\samantha\desktop\game menu + game ui\game menu + sounds\sdl_tut\sdl_tut\debug\brick.obj
d:\origins\github\advancebreakout_sam_mikaelo\game menu + game ui\game menu + sounds\sdl_tut\sdl_tut\debug\vc143.pdb
d:\origins\github\advancebreakout_sam_mikaelo\game menu + game ui\game menu + sounds\sdl_tut\sdl_tut\debug\vc143.idb
d:\origins\github\advancebreakout_sam_mikaelo\game menu + game ui\game menu + sounds\sdl_tut\sdl_tut\debug\timer.obj
d:\origins\github\advancebreakout_sam_mikaelo\game menu + game ui\game menu + sounds\sdl_tut\sdl_tut\debug\texture.obj
d:\origins\github\advancebreakout_sam_mikaelo\game menu + game ui\game menu + sounds\sdl_tut\sdl_tut\debug\startscreen.obj
d:\origins\github\advancebreakout_sam_mikaelo\game menu + game ui\game menu + sounds\sdl_tut\sdl_tut\debug\screenmanager.obj
d:\origins\github\advancebreakout_sam_mikaelo\game menu + game ui\game menu + sounds\sdl_tut\sdl_tut\debug\scoreboard.obj
d:\origins\github\advancebreakout_sam_mikaelo\game menu + game ui\game menu + sounds\sdl_tut\sdl_tut\debug\playsidebar.obj
d:\origins\github\advancebreakout_sam_mikaelo\game menu + game ui\game menu + sounds\sdl_tut\sdl_tut\debug\playscreen.obj
d:\origins\github\advancebreakout_sam_mikaelo\game menu + game ui\game menu + sounds\sdl_tut\sdl_tut\debug\player.obj
d:\origins\github\advancebreakout_sam_mikaelo\game menu + game ui\game menu + sounds\sdl_tut\sdl_tut\debug\main.obj
d:\origins\github\advancebreakout_sam_mikaelo\game menu + game ui\game menu + sounds\sdl_tut\sdl_tut\debug\level.obj
d:\origins\github\advancebreakout_sam_mikaelo\game menu + game ui\game menu + sounds\sdl_tut\sdl_tut\debug\inputmanager.obj
d:\origins\github\advancebreakout_sam_mikaelo\game menu + game ui\game menu + sounds\sdl_tut\sdl_tut\debug\graphics.obj
d:\origins\github\advancebreakout_sam_mikaelo\game menu + game ui\game menu + sounds\sdl_tut\sdl_tut\debug\gamemanager.obj
d:\origins\github\advancebreakout_sam_mikaelo\game menu + game ui\game menu + sounds\sdl_tut\sdl_tut\debug\gameentity.obj
d:\origins\github\advancebreakout_sam_mikaelo\game menu + game ui\game menu + sounds\sdl_tut\sdl_tut\debug\brick.obj
d:\origins\github\advancebreakout_sam_mikaelo\game menu + game ui\game menu + sounds\sdl_tut\sdl_tut\debug\audiomanager.obj
d:\origins\github\advancebreakout_sam_mikaelo\game menu + game ui\game menu + sounds\sdl_tut\sdl_tut\debug\assetmanager.obj
d:\origins\github\advancebreakout_sam_mikaelo\game menu + game ui\game menu + sounds\sdl_tut\sdl_tut\debug\animatedtexture.obj
c:\users\samantha\desktop\game menu + game ui\game menu + sounds\sdl_tut\debug\sdl_tut.exe
c:\users\samantha\desktop\game menu + game ui\game menu + sounds\sdl_tut\sdl_tut\debug\sdl_tut.ilk
c:\users\samantha\desktop\game menu + game ui\game menu + sounds\sdl_tut\debug\sdl_tut.pdb
d:\origins\github\advancebreakout_sam_mikaelo\game menu + game ui\game menu + sounds\sdl_tut\debug\sdl_tut.exe
d:\origins\github\advancebreakout_sam_mikaelo\game menu + game ui\game menu + sounds\sdl_tut\sdl_tut\debug\sdl_tut.ilk
d:\origins\github\advancebreakout_sam_mikaelo\game menu + game ui\game menu + sounds\sdl_tut\debug\sdl_tut.pdb
d:\origins\github\advancebreakout_sam_mikaelo\game menu + game ui\game menu + sounds\sdl_tut\sdl_tut\debug\backgroundstars.obj
d:\origins\github\advancebreakout_sam_mikaelo\game menu + game ui\game menu + sounds\sdl_tut\sdl_tut\debug\random.obj
d:\origins\github\advancebreakout_sam_mikaelo\game menu + game ui\game menu + sounds\sdl_tut\sdl_tut\debug\star.obj
d:\origins\github\advancebreakout_sam_mikaelo\game menu + game ui\game menu + sounds\sdl_tut\sdl_tut\debug\starlayer.obj
d:\origins\github\advancebreakout_sam_mikaelo\game menu + game ui\game menu + sounds\sdl_tut\sdl_tut\debug\sdl_tut.tlog\cl.command.1.tlog
d:\origins\github\advancebreakout_sam_mikaelo\game menu + game ui\game menu + sounds\sdl_tut\sdl_tut\debug\sdl_tut.tlog\cl.read.1.tlog
d:\origins\github\advancebreakout_sam_mikaelo\game menu + game ui\game menu + sounds\sdl_tut\sdl_tut\debug\sdl_tut.tlog\cl.write.1.tlog
d:\origins\github\advancebreakout_sam_mikaelo\game menu + game ui\game menu + sounds\sdl_tut\sdl_tut\debug\sdl_tut.tlog\link.command.1.tlog
d:\origins\github\advancebreakout_sam_mikaelo\game menu + game ui\game menu + sounds\sdl_tut\sdl_tut\debug\sdl_tut.tlog\link.read.1.tlog
d:\origins\github\advancebreakout_sam_mikaelo\game menu + game ui\game menu + sounds\sdl_tut\sdl_tut\debug\sdl_tut.tlog\link.write.1.tlog
